# JRE version: Java(TM) SE Runtime Environment (8.0_45-b14) (build 1.8.0_45-b14)
# Java VM: Java HotSpot(TM) 64-Bit Server VM (25.45-b02 mixed mode bsd-amd64 compressed oops)
Heap:
 PSYoungGen      total 479744K, used 121574K [0x0000000795580000, 0x00000007b4400000, 0x00000007c0000000)
  eden space 467456K, 23% used [0x0000000795580000,0x000000079c073fb0,0x00000007b1e00000)
  from space 12288K, 98% used [0x00000007b3800000,0x00000007b43c59d0,0x00000007b4400000)
  to   space 17920K, 0% used [0x00000007b2100000,0x00000007b2100000,0x00000007b3280000)
 ParOldGen       total 103936K, used 33143K [0x0000000740000000, 0x0000000746580000, 0x0000000795580000)
  object space 103936K, 31% used [0x0000000740000000,0x000000074205df38,0x0000000746580000)
 Metaspace       used 68727K, capacity 71612K, committed 71896K, reserved 1112064K
  class space    used 9213K, capacity 9685K, committed 9728K, reserved 1048576K
GC Heap History (10 events):
Event: 6.115 GC heap before
{Heap before GC invocations=11 (full 2):
 PSYoungGen      total 269824K, used 8694K [0x0000000795580000, 0x00000007ad780000, 0x00000007c0000000)
  eden space 261120K, 0% used [0x0000000795580000,0x0000000795580000,0x00000007a5480000)
  from space 8704K, 99% used [0x00000007a5480000,0x00000007a5cfda08,0x00000007a5d00000)
  to   space 13312K, 0% used [0x00000007aca80000,0x00000007aca80000,0x00000007ad780000)
 ParOldGen       total 44032K, used 12890K [0x0000000740000000, 0x0000000742b00000, 0x0000000795580000)
  object space 44032K, 29% used [0x0000000740000000,0x0000000740c96a48,0x0000000742b00000)
 Metaspace       used 33778K, capacity 35366K, committed 35456K, reserved 1079296K
  class space    used 4299K, capacity 4648K, committed 4736K, reserved 1048576K
Event: 6.218 GC heap after
Heap after GC invocations=11 (full 2):
 PSYoungGen      total 269824K, used 0K [0x0000000795580000, 0x00000007ad780000, 0x00000007c0000000)
  eden space 261120K, 0% used [0x0000000795580000,0x0000000795580000,0x00000007a5480000)
  from space 8704K, 0% used [0x00000007a5480000,0x00000007a5480000,0x00000007a5d00000)
  to   space 13312K, 0% used [0x00000007aca80000,0x00000007aca80000,0x00000007ad780000)
 ParOldGen       total 76288K, used 20640K [0x0000000740000000, 0x0000000744a80000, 0x0000000795580000)
  object space 76288K, 27% used [0x0000000740000000,0x0000000741428068,0x0000000744a80000)
 Metaspace       used 33778K, capacity 35366K, committed 35456K, reserved 1079296K
  class space    used 4299K, capacity 4648K, committed 4736K, reserved 1048576K
}
Event: 8.053 GC heap before
{Heap before GC invocations=12 (full 2):
 PSYoungGen      total 269824K, used 261120K [0x0000000795580000, 0x00000007ad780000, 0x00000007c0000000)
  eden space 261120K, 100% used [0x0000000795580000,0x00000007a5480000,0x00000007a5480000)
  from space 8704K, 0% used [0x00000007a5480000,0x00000007a5480000,0x00000007a5d00000)
  to   space 13312K, 0% used [0x00000007aca80000,0x00000007aca80000,0x00000007ad780000)
 ParOldGen       total 76288K, used 20640K [0x0000000740000000, 0x0000000744a80000, 0x0000000795580000)
  object space 76288K, 27% used [0x0000000740000000,0x0000000741428068,0x0000000744a80000)
 Metaspace       used 44650K, capacity 46380K, committed 46720K, reserved 1089536K
  class space    used 5856K, capacity 6193K, committed 6272K, reserved 1048576K
Event: 8.083 GC heap after
Heap after GC invocations=12 (full 2):
 PSYoungGen      total 370176K, used 12970K [0x0000000795580000, 0x00000007ad780000, 0x00000007c0000000)
  eden space 356864K, 0% used [0x0000000795580000,0x0000000795580000,0x00000007ab200000)
  from space 13312K, 97% used [0x00000007aca80000,0x00000007ad72a828,0x00000007ad780000)
  to   space 15360K, 0% used [0x00000007ab980000,0x00000007ab980000,0x00000007ac880000)
 ParOldGen       total 76288K, used 20648K [0x0000000740000000, 0x0000000744a80000, 0x0000000795580000)
  object space 76288K, 27% used [0x0000000740000000,0x000000074142a068,0x0000000744a80000)
 Metaspace       used 44650K, capacity 46380K, committed 46720K, reserved 1089536K
  class space    used 5856K, capacity 6193K, committed 6272K, reserved 1048576K
}
Event: 10.325 GC heap before
{Heap before GC invocations=13 (full 2):
 PSYoungGen      total 370176K, used 246042K [0x0000000795580000, 0x00000007ad780000, 0x00000007c0000000)
  eden space 356864K, 65% used [0x0000000795580000,0x00000007a391c390,0x00000007ab200000)
  from space 13312K, 97% used [0x00000007aca80000,0x00000007ad72a828,0x00000007ad780000)
  to   space 15360K, 0% used [0x00000007ab980000,0x00000007ab980000,0x00000007ac880000)
 ParOldGen       total 76288K, used 20648K [0x0000000740000000, 0x0000000744a80000, 0x0000000795580000)
  object space 76288K, 27% used [0x0000000740000000,0x000000074142a068,0x0000000744a80000)
 Metaspace       used 56753K, capacity 59020K, committed 59096K, reserved 1099776K
  class space    used 7742K, capacity 8137K, committed 8192K, reserved 1048576K
Event: 10.346 GC heap after
Heap after GC invocations=13 (full 2):
 PSYoungGen      total 379904K, used 14407K [0x0000000795580000, 0x00000007b4880000, 0x00000007c0000000)
  eden space 364544K, 0% used [0x0000000795580000,0x0000000795580000,0x00000007ab980000)
  from space 15360K, 93% used [0x00000007ab980000,0x00000007ac791cc0,0x00000007ac880000)
  to   space 16896K, 0% used [0x00000007b3800000,0x00000007b3800000,0x00000007b4880000)
 ParOldGen       total 76288K, used 25136K [0x0000000740000000, 0x0000000744a80000, 0x0000000795580000)
  object space 76288K, 32% used [0x0000000740000000,0x000000074188c278,0x0000000744a80000)
 Metaspace       used 56753K, capacity 59020K, committed 59096K, reserved 1099776K
  class space    used 7742K, capacity 8137K, committed 8192K, reserved 1048576K
}
Event: 10.346 GC heap before
{Heap before GC invocations=14 (full 3):
 PSYoungGen      total 379904K, used 14407K [0x0000000795580000, 0x00000007b4880000, 0x00000007c0000000)
  eden space 364544K, 0% used [0x0000000795580000,0x0000000795580000,0x00000007ab980000)
  from space 15360K, 93% used [0x00000007ab980000,0x00000007ac791cc0,0x00000007ac880000)
  to   space 16896K, 0% used [0x00000007b3800000,0x00000007b3800000,0x00000007b4880000)
 ParOldGen       total 76288K, used 25136K [0x0000000740000000, 0x0000000744a80000, 0x0000000795580000)
  object space 76288K, 32% used [0x0000000740000000,0x000000074188c278,0x0000000744a80000)
 Metaspace       used 56753K, capacity 59020K, committed 59096K, reserved 1099776K
  class space    used 7742K, capacity 8137K, committed 8192K, reserved 1048576K
Event: 10.476 GC heap after
Heap after GC invocations=14 (full 3):
 PSYoungGen      total 379904K, used 0K [0x0000000795580000, 0x00000007b4880000, 0x00000007c0000000)
  eden space 364544K, 0% used [0x0000000795580000,0x0000000795580000,0x00000007ab980000)
  from space 15360K, 0% used [0x00000007ab980000,0x00000007ab980000,0x00000007ac880000)
  to   space 16896K, 0% used [0x00000007b3800000,0x00000007b3800000,0x00000007b4880000)
 ParOldGen       total 103936K, used 33135K [0x0000000740000000, 0x0000000746580000, 0x0000000795580000)
  object space 103936K, 31% used [0x0000000740000000,0x000000074205bf38,0x0000000746580000)
 Metaspace       used 56753K, capacity 59020K, committed 59096K, reserved 1099776K
  class space    used 7742K, capacity 8137K, committed 8192K, reserved 1048576K
}
Event: 638.602 GC heap before
{Heap before GC invocations=15 (full 3):
 PSYoungGen      total 379904K, used 364544K [0x0000000795580000, 0x00000007b4880000, 0x00000007c0000000)
  eden space 364544K, 100% used [0x0000000795580000,0x00000007ab980000,0x00000007ab980000)
  from space 15360K, 0% used [0x00000007ab980000,0x00000007ab980000,0x00000007ac880000)
  to   space 16896K, 0% used [0x00000007b3800000,0x00000007b3800000,0x00000007b4880000)
 ParOldGen       total 103936K, used 33135K [0x0000000740000000, 0x0000000746580000, 0x0000000795580000)
  object space 103936K, 31% used [0x0000000740000000,0x000000074205bf38,0x0000000746580000)
 Metaspace       used 68670K, capacity 71612K, committed 71896K, reserved 1112064K
  class space    used 9212K, capacity 9685K, committed 9728K, reserved 1048576K
Event: 638.659 GC heap after
Heap after GC invocations=15 (full 3):
 PSYoungGen      total 479744K, used 12054K [0x0000000795580000, 0x00000007b4400000, 0x00000007c0000000)
  eden space 467456K, 0% used [0x0000000795580000,0x0000000795580000,0x00000007b1e00000)
  from space 12288K, 98% used [0x00000007b3800000,0x00000007b43c59d0,0x00000007b4400000)
  to   space 17920K, 0% used [0x00000007b2100000,0x00000007b2100000,0x00000007b3280000)
 ParOldGen       total 103936K, used 33143K [0x0000000740000000, 0x0000000746580000, 0x0000000795580000)
  object space 103936K, 31% used [0x0000000740000000,0x000000074205df38,0x0000000746580000)
 Metaspace       used 68670K, capacity 71612K, committed 71896K, reserved 1112064K
  class space    used 9212K, capacity 9685K, committed 9728K, reserved 1048576K
}

